<?xml version="1.0" encoding="UTF-8"?>
<testng-results ignored="0" total="31" passed="29" failed="2" skipped="0">
  <reporter-output>
  </reporter-output>
  <suite started-at="2025-12-03T23:43:28 EET" name="Multibank test suite" finished-at="2025-12-03T23:49:36 EET" duration-ms="368201">
    <groups>
    </groups>
    <test started-at="2025-12-03T23:43:28 EET" name="Test" finished-at="2025-12-03T23:49:36 EET" duration-ms="368201">
      <class name="org.example.tests.AboutUsTests">
        <test-method is-config="true" signature="initializeDriver(java.lang.String)[pri:0, instance:org.example.tests.AboutUsTests@6f1de4c7]" started-at="2025-12-03T23:43:28 EET" name="initializeDriver" finished-at="2025-12-03T23:43:44 EET" duration-ms="15877" status="PASS">
          <params>
            <param index="0">
              <value>
                <![CDATA[firefox]]>
              </value>
            </param>
          </params>
          <reporter-output>
          </reporter-output>
        </test-method> <!-- initializeDriver -->
        <test-method is-config="true" signature="beforeTest()[pri:0, instance:org.example.tests.AboutUsTests@6f1de4c7]" started-at="2025-12-03T23:43:44 EET" name="beforeTest" finished-at="2025-12-03T23:43:44 EET" duration-ms="5" status="PASS">
          <reporter-output>
          </reporter-output>
        </test-method> <!-- beforeTest -->
        <test-method signature="whyMultibankPageLoadsAllInformationTest()[pri:0, instance:org.example.tests.AboutUsTests@6f1de4c7]" started-at="2025-12-03T23:43:44 EET" name="whyMultibankPageLoadsAllInformationTest" finished-at="2025-12-03T23:43:54 EET" duration-ms="10425" status="PASS">
          <reporter-output>
          </reporter-output>
        </test-method> <!-- whyMultibankPageLoadsAllInformationTest -->
        <test-method is-config="true" signature="tearDown()[pri:0, instance:org.example.tests.AboutUsTests@6f1de4c7]" started-at="2025-12-03T23:43:54 EET" name="tearDown" finished-at="2025-12-03T23:43:59 EET" duration-ms="4639" status="PASS">
          <reporter-output>
          </reporter-output>
        </test-method> <!-- tearDown -->
      </class> <!-- org.example.tests.AboutUsTests -->
      <class name="org.example.tests.NavigationTests">
        <test-method is-config="true" signature="initializeDriver(java.lang.String)[pri:0, instance:org.example.tests.NavigationTests@175c2241]" started-at="2025-12-03T23:43:47 EET" name="initializeDriver" finished-at="2025-12-03T23:44:10 EET" duration-ms="22362" status="PASS">
          <params>
            <param index="0">
              <value>
                <![CDATA[firefox]]>
              </value>
            </param>
          </params>
          <reporter-output>
          </reporter-output>
        </test-method> <!-- initializeDriver -->
        <test-method is-config="true" signature="beforeTest()[pri:0, instance:org.example.tests.NavigationTests@175c2241]" started-at="2025-12-03T23:44:10 EET" name="beforeTest" finished-at="2025-12-03T23:44:10 EET" duration-ms="4" status="PASS">
          <reporter-output>
          </reporter-output>
        </test-method> <!-- beforeTest -->
        <test-method signature="verifyCorrectRedirections(org.example.enums.NavigationLinks)[pri:0, instance:org.example.tests.NavigationTests@175c2241]" started-at="2025-12-03T23:44:10 EET" name="verifyCorrectRedirections" data-provider="linksDataProvider" finished-at="2025-12-03T23:44:11 EET" duration-ms="1497" status="PASS">
          <params>
            <param index="0">
              <value>
                <![CDATA[/]]>
              </value>
            </param>
          </params>
          <reporter-output>
          </reporter-output>
        </test-method> <!-- verifyCorrectRedirections -->
        <test-method is-config="true" signature="tearDown()[pri:0, instance:org.example.tests.NavigationTests@175c2241]" started-at="2025-12-03T23:44:11 EET" name="tearDown" finished-at="2025-12-03T23:44:14 EET" duration-ms="2746" status="PASS">
          <reporter-output>
          </reporter-output>
        </test-method> <!-- tearDown -->
        <test-method is-config="true" signature="initializeDriver(java.lang.String)[pri:0, instance:org.example.tests.NavigationTests@175c2241]" started-at="2025-12-03T23:44:14 EET" name="initializeDriver" finished-at="2025-12-03T23:44:30 EET" duration-ms="16075" status="PASS">
          <params>
            <param index="0">
              <value>
                <![CDATA[firefox]]>
              </value>
            </param>
          </params>
          <reporter-output>
          </reporter-output>
        </test-method> <!-- initializeDriver -->
        <test-method is-config="true" signature="beforeTest()[pri:0, instance:org.example.tests.NavigationTests@175c2241]" started-at="2025-12-03T23:44:30 EET" name="beforeTest" finished-at="2025-12-03T23:44:30 EET" duration-ms="4" status="PASS">
          <reporter-output>
          </reporter-output>
        </test-method> <!-- beforeTest -->
        <test-method signature="verifyCorrectRedirections(org.example.enums.NavigationLinks)[pri:0, instance:org.example.tests.NavigationTests@175c2241]" started-at="2025-12-03T23:44:30 EET" name="verifyCorrectRedirections" data-provider="linksDataProvider" finished-at="2025-12-03T23:44:34 EET" duration-ms="3732" status="PASS">
          <params>
            <param index="0">
              <value>
                <![CDATA[/markets]]>
              </value>
            </param>
          </params>
          <reporter-output>
          </reporter-output>
        </test-method> <!-- verifyCorrectRedirections -->
        <test-method is-config="true" signature="tearDown()[pri:0, instance:org.example.tests.NavigationTests@175c2241]" started-at="2025-12-03T23:44:34 EET" name="tearDown" finished-at="2025-12-03T23:44:37 EET" duration-ms="3582" status="PASS">
          <reporter-output>
          </reporter-output>
        </test-method> <!-- tearDown -->
        <test-method is-config="true" signature="initializeDriver(java.lang.String)[pri:0, instance:org.example.tests.NavigationTests@175c2241]" started-at="2025-12-03T23:44:37 EET" name="initializeDriver" finished-at="2025-12-03T23:44:54 EET" duration-ms="16778" status="PASS">
          <params>
            <param index="0">
              <value>
                <![CDATA[firefox]]>
              </value>
            </param>
          </params>
          <reporter-output>
          </reporter-output>
        </test-method> <!-- initializeDriver -->
        <test-method is-config="true" signature="beforeTest()[pri:0, instance:org.example.tests.NavigationTests@175c2241]" started-at="2025-12-03T23:44:54 EET" name="beforeTest" finished-at="2025-12-03T23:44:54 EET" duration-ms="4" status="PASS">
          <reporter-output>
          </reporter-output>
        </test-method> <!-- beforeTest -->
        <test-method signature="verifyCorrectRedirections(org.example.enums.NavigationLinks)[pri:0, instance:org.example.tests.NavigationTests@175c2241]" started-at="2025-12-03T23:44:54 EET" name="verifyCorrectRedirections" data-provider="linksDataProvider" finished-at="2025-12-03T23:44:56 EET" duration-ms="1735" status="PASS">
          <params>
            <param index="0">
              <value>
                <![CDATA[/trade/BTC_USD]]>
              </value>
            </param>
          </params>
          <reporter-output>
          </reporter-output>
        </test-method> <!-- verifyCorrectRedirections -->
        <test-method is-config="true" signature="tearDown()[pri:0, instance:org.example.tests.NavigationTests@175c2241]" started-at="2025-12-03T23:44:56 EET" name="tearDown" finished-at="2025-12-03T23:44:59 EET" duration-ms="3236" status="PASS">
          <reporter-output>
          </reporter-output>
        </test-method> <!-- tearDown -->
        <test-method is-config="true" signature="initializeDriver(java.lang.String)[pri:0, instance:org.example.tests.NavigationTests@175c2241]" started-at="2025-12-03T23:44:59 EET" name="initializeDriver" finished-at="2025-12-03T23:45:11 EET" duration-ms="12289" status="PASS">
          <params>
            <param index="0">
              <value>
                <![CDATA[firefox]]>
              </value>
            </param>
          </params>
          <reporter-output>
          </reporter-output>
        </test-method> <!-- initializeDriver -->
        <test-method is-config="true" signature="beforeTest()[pri:0, instance:org.example.tests.NavigationTests@175c2241]" started-at="2025-12-03T23:45:11 EET" name="beforeTest" finished-at="2025-12-03T23:45:11 EET" duration-ms="2" status="PASS">
          <reporter-output>
          </reporter-output>
        </test-method> <!-- beforeTest -->
        <test-method signature="verifyCorrectRedirections(org.example.enums.NavigationLinks)[pri:0, instance:org.example.tests.NavigationTests@175c2241]" started-at="2025-12-03T23:45:11 EET" name="verifyCorrectRedirections" data-provider="linksDataProvider" finished-at="2025-12-03T23:45:14 EET" duration-ms="2405" status="PASS">
          <params>
            <param index="0">
              <value>
                <![CDATA[/derivatives/BTCUST]]>
              </value>
            </param>
          </params>
          <reporter-output>
          </reporter-output>
        </test-method> <!-- verifyCorrectRedirections -->
        <test-method is-config="true" signature="tearDown()[pri:0, instance:org.example.tests.NavigationTests@175c2241]" started-at="2025-12-03T23:45:14 EET" name="tearDown" finished-at="2025-12-03T23:45:19 EET" duration-ms="4899" status="PASS">
          <reporter-output>
          </reporter-output>
        </test-method> <!-- tearDown -->
        <test-method is-config="true" signature="initializeDriver(java.lang.String)[pri:0, instance:org.example.tests.NavigationTests@175c2241]" started-at="2025-12-03T23:45:19 EET" name="initializeDriver" finished-at="2025-12-03T23:45:31 EET" duration-ms="12965" status="PASS">
          <params>
            <param index="0">
              <value>
                <![CDATA[firefox]]>
              </value>
            </param>
          </params>
          <reporter-output>
          </reporter-output>
        </test-method> <!-- initializeDriver -->
        <test-method is-config="true" signature="beforeTest()[pri:0, instance:org.example.tests.NavigationTests@175c2241]" started-at="2025-12-03T23:45:31 EET" name="beforeTest" finished-at="2025-12-03T23:45:31 EET" duration-ms="3" status="PASS">
          <reporter-output>
          </reporter-output>
        </test-method> <!-- beforeTest -->
        <test-method signature="verifyCorrectRedirections(org.example.enums.NavigationLinks)[pri:0, instance:org.example.tests.NavigationTests@175c2241]" started-at="2025-12-03T23:45:31 EET" name="verifyCorrectRedirections" data-provider="linksDataProvider" finished-at="2025-12-03T23:45:34 EET" duration-ms="2295" status="PASS">
          <params>
            <param index="0">
              <value>
                <![CDATA[/trade/convert]]>
              </value>
            </param>
          </params>
          <reporter-output>
          </reporter-output>
        </test-method> <!-- verifyCorrectRedirections -->
        <test-method is-config="true" signature="tearDown()[pri:0, instance:org.example.tests.NavigationTests@175c2241]" started-at="2025-12-03T23:45:34 EET" name="tearDown" finished-at="2025-12-03T23:45:37 EET" duration-ms="2934" status="PASS">
          <reporter-output>
          </reporter-output>
        </test-method> <!-- tearDown -->
        <test-method is-config="true" signature="initializeDriver(java.lang.String)[pri:0, instance:org.example.tests.NavigationTests@175c2241]" started-at="2025-12-03T23:45:37 EET" name="initializeDriver" finished-at="2025-12-03T23:45:50 EET" duration-ms="13449" status="PASS">
          <params>
            <param index="0">
              <value>
                <![CDATA[firefox]]>
              </value>
            </param>
          </params>
          <reporter-output>
          </reporter-output>
        </test-method> <!-- initializeDriver -->
        <test-method is-config="true" signature="beforeTest()[pri:0, instance:org.example.tests.NavigationTests@175c2241]" started-at="2025-12-03T23:45:50 EET" name="beforeTest" finished-at="2025-12-03T23:45:50 EET" duration-ms="4" status="PASS">
          <reporter-output>
          </reporter-output>
        </test-method> <!-- beforeTest -->
        <test-method signature="verifyCorrectRedirections(org.example.enums.NavigationLinks)[pri:0, instance:org.example.tests.NavigationTests@175c2241]" started-at="2025-12-03T23:45:50 EET" name="verifyCorrectRedirections" data-provider="linksDataProvider" finished-at="2025-12-03T23:45:56 EET" duration-ms="5917" status="PASS">
          <params>
            <param index="0">
              <value>
                <![CDATA[https://multibank.io/features/spot-exchange]]>
              </value>
            </param>
          </params>
          <reporter-output>
          </reporter-output>
        </test-method> <!-- verifyCorrectRedirections -->
        <test-method is-config="true" signature="tearDown()[pri:0, instance:org.example.tests.NavigationTests@175c2241]" started-at="2025-12-03T23:45:56 EET" name="tearDown" finished-at="2025-12-03T23:45:59 EET" duration-ms="2920" status="PASS">
          <reporter-output>
          </reporter-output>
        </test-method> <!-- tearDown -->
        <test-method is-config="true" signature="initializeDriver(java.lang.String)[pri:0, instance:org.example.tests.NavigationTests@175c2241]" started-at="2025-12-03T23:45:59 EET" name="initializeDriver" finished-at="2025-12-03T23:46:15 EET" duration-ms="15628" status="PASS">
          <params>
            <param index="0">
              <value>
                <![CDATA[firefox]]>
              </value>
            </param>
          </params>
          <reporter-output>
          </reporter-output>
        </test-method> <!-- initializeDriver -->
        <test-method is-config="true" signature="beforeTest()[pri:0, instance:org.example.tests.NavigationTests@175c2241]" started-at="2025-12-03T23:46:15 EET" name="beforeTest" finished-at="2025-12-03T23:46:15 EET" duration-ms="3" status="PASS">
          <reporter-output>
          </reporter-output>
        </test-method> <!-- beforeTest -->
        <test-method signature="verifyCorrectRedirections(org.example.enums.NavigationLinks)[pri:0, instance:org.example.tests.NavigationTests@175c2241]" started-at="2025-12-03T23:46:15 EET" name="verifyCorrectRedirections" data-provider="linksDataProvider" finished-at="2025-12-03T23:46:24 EET" duration-ms="8865" status="PASS">
          <params>
            <param index="0">
              <value>
                <![CDATA[https://multibank.io/features/institutional]]>
              </value>
            </param>
          </params>
          <reporter-output>
          </reporter-output>
        </test-method> <!-- verifyCorrectRedirections -->
        <test-method is-config="true" signature="tearDown()[pri:0, instance:org.example.tests.NavigationTests@175c2241]" started-at="2025-12-03T23:46:24 EET" name="tearDown" finished-at="2025-12-03T23:46:26 EET" duration-ms="2887" status="PASS">
          <reporter-output>
          </reporter-output>
        </test-method> <!-- tearDown -->
        <test-method is-config="true" signature="initializeDriver(java.lang.String)[pri:0, instance:org.example.tests.NavigationTests@175c2241]" started-at="2025-12-03T23:46:26 EET" name="initializeDriver" finished-at="2025-12-03T23:46:44 EET" duration-ms="17593" status="PASS">
          <params>
            <param index="0">
              <value>
                <![CDATA[firefox]]>
              </value>
            </param>
          </params>
          <reporter-output>
          </reporter-output>
        </test-method> <!-- initializeDriver -->
        <test-method is-config="true" signature="beforeTest()[pri:0, instance:org.example.tests.NavigationTests@175c2241]" started-at="2025-12-03T23:46:44 EET" name="beforeTest" finished-at="2025-12-03T23:46:44 EET" duration-ms="2" status="PASS">
          <reporter-output>
          </reporter-output>
        </test-method> <!-- beforeTest -->
        <test-method signature="verifyCorrectRedirections(org.example.enums.NavigationLinks)[pri:0, instance:org.example.tests.NavigationTests@175c2241]" started-at="2025-12-03T23:46:44 EET" name="verifyCorrectRedirections" data-provider="linksDataProvider" finished-at="2025-12-03T23:46:51 EET" duration-ms="6728" status="PASS">
          <params>
            <param index="0">
              <value>
                <![CDATA[https://multibank.io/features/instant-buy]]>
              </value>
            </param>
          </params>
          <reporter-output>
          </reporter-output>
        </test-method> <!-- verifyCorrectRedirections -->
        <test-method is-config="true" signature="tearDown()[pri:0, instance:org.example.tests.NavigationTests@175c2241]" started-at="2025-12-03T23:46:51 EET" name="tearDown" finished-at="2025-12-03T23:46:54 EET" duration-ms="2824" status="PASS">
          <reporter-output>
          </reporter-output>
        </test-method> <!-- tearDown -->
        <test-method is-config="true" signature="initializeDriver(java.lang.String)[pri:0, instance:org.example.tests.NavigationTests@175c2241]" started-at="2025-12-03T23:46:54 EET" name="initializeDriver" finished-at="2025-12-03T23:47:07 EET" duration-ms="13670" status="PASS">
          <params>
            <param index="0">
              <value>
                <![CDATA[firefox]]>
              </value>
            </param>
          </params>
          <reporter-output>
          </reporter-output>
        </test-method> <!-- initializeDriver -->
        <test-method is-config="true" signature="beforeTest()[pri:0, instance:org.example.tests.NavigationTests@175c2241]" started-at="2025-12-03T23:47:07 EET" name="beforeTest" finished-at="2025-12-03T23:47:07 EET" duration-ms="4" status="PASS">
          <reporter-output>
          </reporter-output>
        </test-method> <!-- beforeTest -->
        <test-method signature="verifyCorrectRedirections(org.example.enums.NavigationLinks)[pri:0, instance:org.example.tests.NavigationTests@175c2241]" started-at="2025-12-03T23:47:07 EET" name="verifyCorrectRedirections" data-provider="linksDataProvider" finished-at="2025-12-03T23:47:10 EET" duration-ms="3153" status="PASS">
          <params>
            <param index="0">
              <value>
                <![CDATA[https://multibank.io/about/why-multibank]]>
              </value>
            </param>
          </params>
          <reporter-output>
          </reporter-output>
        </test-method> <!-- verifyCorrectRedirections -->
        <test-method is-config="true" signature="tearDown()[pri:0, instance:org.example.tests.NavigationTests@175c2241]" started-at="2025-12-03T23:47:10 EET" name="tearDown" finished-at="2025-12-03T23:47:13 EET" duration-ms="2254" status="PASS">
          <reporter-output>
          </reporter-output>
        </test-method> <!-- tearDown -->
        <test-method is-config="true" signature="initializeDriver(java.lang.String)[pri:0, instance:org.example.tests.NavigationTests@175c2241]" started-at="2025-12-03T23:47:13 EET" name="initializeDriver" finished-at="2025-12-03T23:47:27 EET" duration-ms="14389" status="PASS">
          <params>
            <param index="0">
              <value>
                <![CDATA[firefox]]>
              </value>
            </param>
          </params>
          <reporter-output>
          </reporter-output>
        </test-method> <!-- initializeDriver -->
        <test-method is-config="true" signature="beforeTest()[pri:0, instance:org.example.tests.NavigationTests@175c2241]" started-at="2025-12-03T23:47:27 EET" name="beforeTest" finished-at="2025-12-03T23:47:27 EET" duration-ms="3" status="PASS">
          <reporter-output>
          </reporter-output>
        </test-method> <!-- beforeTest -->
        <test-method signature="verifyCorrectRedirections(org.example.enums.NavigationLinks)[pri:0, instance:org.example.tests.NavigationTests@175c2241]" started-at="2025-12-03T23:47:27 EET" name="verifyCorrectRedirections" data-provider="linksDataProvider" finished-at="2025-12-03T23:47:32 EET" duration-ms="4464" status="PASS">
          <params>
            <param index="0">
              <value>
                <![CDATA[https://multibank.io/about/global-presence]]>
              </value>
            </param>
          </params>
          <reporter-output>
          </reporter-output>
        </test-method> <!-- verifyCorrectRedirections -->
        <test-method is-config="true" signature="tearDown()[pri:0, instance:org.example.tests.NavigationTests@175c2241]" started-at="2025-12-03T23:47:32 EET" name="tearDown" finished-at="2025-12-03T23:47:34 EET" duration-ms="2744" status="PASS">
          <reporter-output>
          </reporter-output>
        </test-method> <!-- tearDown -->
        <test-method is-config="true" signature="initializeDriver(java.lang.String)[pri:0, instance:org.example.tests.NavigationTests@175c2241]" started-at="2025-12-03T23:47:34 EET" name="initializeDriver" finished-at="2025-12-03T23:47:46 EET" duration-ms="12189" status="PASS">
          <params>
            <param index="0">
              <value>
                <![CDATA[firefox]]>
              </value>
            </param>
          </params>
          <reporter-output>
          </reporter-output>
        </test-method> <!-- initializeDriver -->
        <test-method is-config="true" signature="beforeTest()[pri:0, instance:org.example.tests.NavigationTests@175c2241]" started-at="2025-12-03T23:47:46 EET" name="beforeTest" finished-at="2025-12-03T23:47:46 EET" duration-ms="6" status="PASS">
          <reporter-output>
          </reporter-output>
        </test-method> <!-- beforeTest -->
        <test-method signature="verifyCorrectRedirections(org.example.enums.NavigationLinks)[pri:0, instance:org.example.tests.NavigationTests@175c2241]" started-at="2025-12-03T23:47:46 EET" name="verifyCorrectRedirections" data-provider="linksDataProvider" finished-at="2025-12-03T23:47:53 EET" duration-ms="6485" status="PASS">
          <params>
            <param index="0">
              <value>
                <![CDATA[https://multibank.io/about/management]]>
              </value>
            </param>
          </params>
          <reporter-output>
          </reporter-output>
        </test-method> <!-- verifyCorrectRedirections -->
        <test-method is-config="true" signature="tearDown()[pri:0, instance:org.example.tests.NavigationTests@175c2241]" started-at="2025-12-03T23:47:53 EET" name="tearDown" finished-at="2025-12-03T23:47:54 EET" duration-ms="1531" status="PASS">
          <reporter-output>
          </reporter-output>
        </test-method> <!-- tearDown -->
        <test-method is-config="true" signature="initializeDriver(java.lang.String)[pri:0, instance:org.example.tests.NavigationTests@175c2241]" started-at="2025-12-03T23:47:54 EET" name="initializeDriver" finished-at="2025-12-03T23:48:04 EET" duration-ms="9346" status="PASS">
          <params>
            <param index="0">
              <value>
                <![CDATA[firefox]]>
              </value>
            </param>
          </params>
          <reporter-output>
          </reporter-output>
        </test-method> <!-- initializeDriver -->
        <test-method is-config="true" signature="beforeTest()[pri:0, instance:org.example.tests.NavigationTests@175c2241]" started-at="2025-12-03T23:48:04 EET" name="beforeTest" finished-at="2025-12-03T23:48:04 EET" duration-ms="2" status="PASS">
          <reporter-output>
          </reporter-output>
        </test-method> <!-- beforeTest -->
        <test-method signature="verifyCorrectRedirections(org.example.enums.NavigationLinks)[pri:0, instance:org.example.tests.NavigationTests@175c2241]" started-at="2025-12-03T23:48:04 EET" name="verifyCorrectRedirections" data-provider="linksDataProvider" finished-at="2025-12-03T23:48:11 EET" duration-ms="7261" status="PASS">
          <params>
            <param index="0">
              <value>
                <![CDATA[https://multibank.io/about/awards]]>
              </value>
            </param>
          </params>
          <reporter-output>
          </reporter-output>
        </test-method> <!-- verifyCorrectRedirections -->
        <test-method is-config="true" signature="tearDown()[pri:0, instance:org.example.tests.NavigationTests@175c2241]" started-at="2025-12-03T23:48:11 EET" name="tearDown" finished-at="2025-12-03T23:48:13 EET" duration-ms="2212" status="PASS">
          <reporter-output>
          </reporter-output>
        </test-method> <!-- tearDown -->
        <test-method is-config="true" signature="initializeDriver(java.lang.String)[pri:0, instance:org.example.tests.NavigationTests@175c2241]" started-at="2025-12-03T23:48:13 EET" name="initializeDriver" finished-at="2025-12-03T23:48:22 EET" duration-ms="8430" status="PASS">
          <params>
            <param index="0">
              <value>
                <![CDATA[firefox]]>
              </value>
            </param>
          </params>
          <reporter-output>
          </reporter-output>
        </test-method> <!-- initializeDriver -->
        <test-method is-config="true" signature="beforeTest()[pri:0, instance:org.example.tests.NavigationTests@175c2241]" started-at="2025-12-03T23:48:22 EET" name="beforeTest" finished-at="2025-12-03T23:48:22 EET" duration-ms="1" status="PASS">
          <reporter-output>
          </reporter-output>
        </test-method> <!-- beforeTest -->
        <test-method signature="verifyCorrectRedirections(org.example.enums.NavigationLinks)[pri:0, instance:org.example.tests.NavigationTests@175c2241]" started-at="2025-12-03T23:48:22 EET" name="verifyCorrectRedirections" data-provider="linksDataProvider" finished-at="2025-12-03T23:48:29 EET" duration-ms="6883" status="PASS">
          <params>
            <param index="0">
              <value>
                <![CDATA[https://multibank.io/about/sponsorship]]>
              </value>
            </param>
          </params>
          <reporter-output>
          </reporter-output>
        </test-method> <!-- verifyCorrectRedirections -->
        <test-method is-config="true" signature="tearDown()[pri:0, instance:org.example.tests.NavigationTests@175c2241]" started-at="2025-12-03T23:48:29 EET" name="tearDown" finished-at="2025-12-03T23:48:34 EET" duration-ms="4892" status="PASS">
          <reporter-output>
          </reporter-output>
        </test-method> <!-- tearDown -->
        <test-method is-config="true" signature="initializeDriver(java.lang.String)[pri:0, instance:org.example.tests.NavigationTests@175c2241]" started-at="2025-12-03T23:48:34 EET" name="initializeDriver" finished-at="2025-12-03T23:48:43 EET" duration-ms="9493" status="PASS">
          <params>
            <param index="0">
              <value>
                <![CDATA[firefox]]>
              </value>
            </param>
          </params>
          <reporter-output>
          </reporter-output>
        </test-method> <!-- initializeDriver -->
        <test-method is-config="true" signature="beforeTest()[pri:0, instance:org.example.tests.NavigationTests@175c2241]" started-at="2025-12-03T23:48:43 EET" name="beforeTest" finished-at="2025-12-03T23:48:43 EET" duration-ms="1" status="PASS">
          <reporter-output>
          </reporter-output>
        </test-method> <!-- beforeTest -->
        <test-method signature="verifyCorrectRedirections(org.example.enums.NavigationLinks)[pri:0, instance:org.example.tests.NavigationTests@175c2241]" started-at="2025-12-03T23:48:43 EET" name="verifyCorrectRedirections" data-provider="linksDataProvider" finished-at="2025-12-03T23:48:46 EET" duration-ms="3301" status="PASS">
          <params>
            <param index="0">
              <value>
                <![CDATA[https://multibank.io/about/blog]]>
              </value>
            </param>
          </params>
          <reporter-output>
          </reporter-output>
        </test-method> <!-- verifyCorrectRedirections -->
        <test-method is-config="true" signature="tearDown()[pri:0, instance:org.example.tests.NavigationTests@175c2241]" started-at="2025-12-03T23:48:46 EET" name="tearDown" finished-at="2025-12-03T23:48:48 EET" duration-ms="1622" status="PASS">
          <reporter-output>
          </reporter-output>
        </test-method> <!-- tearDown -->
        <test-method is-config="true" signature="initializeDriver(java.lang.String)[pri:0, instance:org.example.tests.NavigationTests@175c2241]" started-at="2025-12-03T23:48:48 EET" name="initializeDriver" finished-at="2025-12-03T23:48:56 EET" duration-ms="7742" status="PASS">
          <params>
            <param index="0">
              <value>
                <![CDATA[firefox]]>
              </value>
            </param>
          </params>
          <reporter-output>
          </reporter-output>
        </test-method> <!-- initializeDriver -->
        <test-method is-config="true" signature="beforeTest()[pri:0, instance:org.example.tests.NavigationTests@175c2241]" started-at="2025-12-03T23:48:56 EET" name="beforeTest" finished-at="2025-12-03T23:48:56 EET" duration-ms="1" status="PASS">
          <reporter-output>
          </reporter-output>
        </test-method> <!-- beforeTest -->
        <test-method signature="verifyCorrectRedirections(org.example.enums.NavigationLinks)[pri:0, instance:org.example.tests.NavigationTests@175c2241]" started-at="2025-12-03T23:48:56 EET" name="verifyCorrectRedirections" data-provider="linksDataProvider" finished-at="2025-12-03T23:48:58 EET" duration-ms="2057" status="PASS">
          <params>
            <param index="0">
              <value>
                <![CDATA[https://multibank.io/about/milestones]]>
              </value>
            </param>
          </params>
          <reporter-output>
          </reporter-output>
        </test-method> <!-- verifyCorrectRedirections -->
        <test-method is-config="true" signature="tearDown()[pri:0, instance:org.example.tests.NavigationTests@175c2241]" started-at="2025-12-03T23:48:58 EET" name="tearDown" finished-at="2025-12-03T23:48:59 EET" duration-ms="1339" status="PASS">
          <reporter-output>
          </reporter-output>
        </test-method> <!-- tearDown -->
        <test-method is-config="true" signature="initializeDriver(java.lang.String)[pri:0, instance:org.example.tests.NavigationTests@175c2241]" started-at="2025-12-03T23:48:59 EET" name="initializeDriver" finished-at="2025-12-03T23:49:07 EET" duration-ms="7975" status="PASS">
          <params>
            <param index="0">
              <value>
                <![CDATA[firefox]]>
              </value>
            </param>
          </params>
          <reporter-output>
          </reporter-output>
        </test-method> <!-- initializeDriver -->
        <test-method is-config="true" signature="beforeTest()[pri:0, instance:org.example.tests.NavigationTests@175c2241]" started-at="2025-12-03T23:49:07 EET" name="beforeTest" finished-at="2025-12-03T23:49:07 EET" duration-ms="2" status="PASS">
          <reporter-output>
          </reporter-output>
        </test-method> <!-- beforeTest -->
        <test-method signature="verifyCorrectRedirections(org.example.enums.NavigationLinks)[pri:0, instance:org.example.tests.NavigationTests@175c2241]" started-at="2025-12-03T23:49:07 EET" name="verifyCorrectRedirections" data-provider="linksDataProvider" finished-at="2025-12-03T23:49:09 EET" duration-ms="1815" status="PASS">
          <params>
            <param index="0">
              <value>
                <![CDATA[https://multibank.io/support/contact-us]]>
              </value>
            </param>
          </params>
          <reporter-output>
          </reporter-output>
        </test-method> <!-- verifyCorrectRedirections -->
        <test-method is-config="true" signature="tearDown()[pri:0, instance:org.example.tests.NavigationTests@175c2241]" started-at="2025-12-03T23:49:09 EET" name="tearDown" finished-at="2025-12-03T23:49:11 EET" duration-ms="1841" status="PASS">
          <reporter-output>
          </reporter-output>
        </test-method> <!-- tearDown -->
        <test-method is-config="true" signature="initializeDriver(java.lang.String)[pri:0, instance:org.example.tests.NavigationTests@175c2241]" started-at="2025-12-03T23:49:11 EET" name="initializeDriver" finished-at="2025-12-03T23:49:19 EET" duration-ms="8370" status="PASS">
          <params>
            <param index="0">
              <value>
                <![CDATA[firefox]]>
              </value>
            </param>
          </params>
          <reporter-output>
          </reporter-output>
        </test-method> <!-- initializeDriver -->
        <test-method is-config="true" signature="beforeTest()[pri:0, instance:org.example.tests.NavigationTests@175c2241]" started-at="2025-12-03T23:49:19 EET" name="beforeTest" finished-at="2025-12-03T23:49:19 EET" duration-ms="1" status="PASS">
          <reporter-output>
          </reporter-output>
        </test-method> <!-- beforeTest -->
        <test-method signature="verifyCorrectRedirections(org.example.enums.NavigationLinks)[pri:0, instance:org.example.tests.NavigationTests@175c2241]" started-at="2025-12-03T23:49:19 EET" name="verifyCorrectRedirections" data-provider="linksDataProvider" finished-at="2025-12-03T23:49:22 EET" duration-ms="2683" status="PASS">
          <params>
            <param index="0">
              <value>
                <![CDATA[https://multibank.io/support/faq]]>
              </value>
            </param>
          </params>
          <reporter-output>
          </reporter-output>
        </test-method> <!-- verifyCorrectRedirections -->
        <test-method is-config="true" signature="tearDown()[pri:0, instance:org.example.tests.NavigationTests@175c2241]" started-at="2025-12-03T23:49:22 EET" name="tearDown" finished-at="2025-12-03T23:49:23 EET" duration-ms="1492" status="PASS">
          <reporter-output>
          </reporter-output>
        </test-method> <!-- tearDown -->
        <test-method is-config="true" signature="initializeDriver(java.lang.String)[pri:0, instance:org.example.tests.NavigationTests@175c2241]" started-at="2025-12-03T23:49:23 EET" name="initializeDriver" finished-at="2025-12-03T23:49:35 EET" duration-ms="11331" status="PASS">
          <params>
            <param index="0">
              <value>
                <![CDATA[firefox]]>
              </value>
            </param>
          </params>
          <reporter-output>
          </reporter-output>
        </test-method> <!-- initializeDriver -->
        <test-method signature="verifyInstantBuyPopUp()[pri:0, instance:org.example.tests.NavigationTests@175c2241]" started-at="2025-12-03T23:49:35 EET" name="verifyInstantBuyPopUp" finished-at="2025-12-03T23:49:35 EET" duration-ms="381" status="PASS">
          <reporter-output>
          </reporter-output>
        </test-method> <!-- verifyInstantBuyPopUp -->
        <test-method is-config="true" signature="beforeTest()[pri:0, instance:org.example.tests.NavigationTests@175c2241]" started-at="2025-12-03T23:49:35 EET" name="beforeTest" finished-at="2025-12-03T23:49:35 EET" duration-ms="0" status="PASS">
          <reporter-output>
          </reporter-output>
        </test-method> <!-- beforeTest -->
        <test-method is-config="true" signature="tearDown()[pri:0, instance:org.example.tests.NavigationTests@175c2241]" started-at="2025-12-03T23:49:35 EET" name="tearDown" finished-at="2025-12-03T23:49:36 EET" duration-ms="1097" status="PASS">
          <reporter-output>
          </reporter-output>
        </test-method> <!-- tearDown -->
      </class> <!-- org.example.tests.NavigationTests -->
      <class name="org.example.tests.MarketingBannerTests">
        <test-method is-config="true" signature="initializeDriver(java.lang.String)[pri:0, instance:org.example.tests.MarketingBannerTests@65fb9ffc]" started-at="2025-12-03T23:43:28 EET" name="initializeDriver" finished-at="2025-12-03T23:43:43 EET" duration-ms="15133" status="PASS">
          <params>
            <param index="0">
              <value>
                <![CDATA[firefox]]>
              </value>
            </param>
          </params>
          <reporter-output>
          </reporter-output>
        </test-method> <!-- initializeDriver -->
        <test-method is-config="true" signature="beforeTest()[pri:0, instance:org.example.tests.MarketingBannerTests@65fb9ffc]" started-at="2025-12-03T23:43:43 EET" name="beforeTest" finished-at="2025-12-03T23:43:43 EET" duration-ms="18" status="PASS">
          <reporter-output>
          </reporter-output>
        </test-method> <!-- beforeTest -->
        <test-method signature="verifyThatMarketingBannersAreVisible()[pri:0, instance:org.example.tests.MarketingBannerTests@65fb9ffc]" started-at="2025-12-03T23:43:43 EET" name="verifyThatMarketingBannersAreVisible" finished-at="2025-12-03T23:43:43 EET" duration-ms="96" status="PASS">
          <reporter-output>
          </reporter-output>
        </test-method> <!-- verifyThatMarketingBannersAreVisible -->
        <test-method is-config="true" signature="tearDown()[pri:0, instance:org.example.tests.MarketingBannerTests@65fb9ffc]" started-at="2025-12-03T23:43:43 EET" name="tearDown" finished-at="2025-12-03T23:43:47 EET" duration-ms="3999" status="PASS">
          <reporter-output>
          </reporter-output>
        </test-method> <!-- tearDown -->
      </class> <!-- org.example.tests.MarketingBannerTests -->
      <class name="org.example.tests.SpotTradingTests">
        <test-method is-config="true" signature="initializeDriver(java.lang.String)[pri:0, instance:org.example.tests.SpotTradingTests@6c80d78a]" started-at="2025-12-03T23:43:28 EET" name="initializeDriver" finished-at="2025-12-03T23:43:43 EET" duration-ms="15545" status="PASS">
          <params>
            <param index="0">
              <value>
                <![CDATA[firefox]]>
              </value>
            </param>
          </params>
          <reporter-output>
          </reporter-output>
        </test-method> <!-- initializeDriver -->
        <test-method is-config="true" signature="beforeMethod()[pri:0, instance:org.example.tests.SpotTradingTests@6c80d78a]" started-at="2025-12-03T23:43:43 EET" name="beforeMethod" finished-at="2025-12-03T23:43:43 EET" duration-ms="3" status="PASS">
          <reporter-output>
          </reporter-output>
        </test-method> <!-- beforeMethod -->
        <test-method signature="allSpotTablesAreVisible(java.lang.String)[pri:0, instance:org.example.tests.SpotTradingTests@6c80d78a]" started-at="2025-12-03T23:43:43 EET" name="allSpotTablesAreVisible" data-provider="tabsDataProvider" finished-at="2025-12-03T23:44:05 EET" duration-ms="21389" status="PASS">
          <params>
            <param index="0">
              <value>
                <![CDATA[ALL]]>
              </value>
            </param>
          </params>
          <reporter-output>
          </reporter-output>
        </test-method> <!-- allSpotTablesAreVisible -->
        <test-method is-config="true" signature="tearDown()[pri:0, instance:org.example.tests.SpotTradingTests@6c80d78a]" started-at="2025-12-03T23:44:05 EET" name="tearDown" finished-at="2025-12-03T23:44:09 EET" duration-ms="4474" status="PASS">
          <reporter-output>
          </reporter-output>
        </test-method> <!-- tearDown -->
        <test-method is-config="true" signature="initializeDriver(java.lang.String)[pri:0, instance:org.example.tests.SpotTradingTests@6c80d78a]" started-at="2025-12-03T23:44:09 EET" name="initializeDriver" finished-at="2025-12-03T23:44:25 EET" duration-ms="15355" status="PASS">
          <params>
            <param index="0">
              <value>
                <![CDATA[firefox]]>
              </value>
            </param>
          </params>
          <reporter-output>
          </reporter-output>
        </test-method> <!-- initializeDriver -->
        <test-method is-config="true" signature="beforeMethod()[pri:0, instance:org.example.tests.SpotTradingTests@6c80d78a]" started-at="2025-12-03T23:44:25 EET" name="beforeMethod" finished-at="2025-12-03T23:44:25 EET" duration-ms="4" status="PASS">
          <reporter-output>
          </reporter-output>
        </test-method> <!-- beforeMethod -->
        <test-method signature="allSpotTablesAreVisible(java.lang.String)[pri:0, instance:org.example.tests.SpotTradingTests@6c80d78a]" started-at="2025-12-03T23:44:25 EET" name="allSpotTablesAreVisible" data-provider="tabsDataProvider" finished-at="2025-12-03T23:44:39 EET" duration-ms="14029" status="PASS">
          <params>
            <param index="0">
              <value>
                <![CDATA[BTC]]>
              </value>
            </param>
          </params>
          <reporter-output>
          </reporter-output>
        </test-method> <!-- allSpotTablesAreVisible -->
        <test-method is-config="true" signature="tearDown()[pri:0, instance:org.example.tests.SpotTradingTests@6c80d78a]" started-at="2025-12-03T23:44:39 EET" name="tearDown" finished-at="2025-12-03T23:44:40 EET" duration-ms="1439" status="PASS">
          <reporter-output>
          </reporter-output>
        </test-method> <!-- tearDown -->
        <test-method is-config="true" signature="initializeDriver(java.lang.String)[pri:0, instance:org.example.tests.SpotTradingTests@6c80d78a]" started-at="2025-12-03T23:44:40 EET" name="initializeDriver" finished-at="2025-12-03T23:44:55 EET" duration-ms="14877" status="PASS">
          <params>
            <param index="0">
              <value>
                <![CDATA[firefox]]>
              </value>
            </param>
          </params>
          <reporter-output>
          </reporter-output>
        </test-method> <!-- initializeDriver -->
        <test-method is-config="true" signature="beforeMethod()[pri:0, instance:org.example.tests.SpotTradingTests@6c80d78a]" started-at="2025-12-03T23:44:55 EET" name="beforeMethod" finished-at="2025-12-03T23:44:55 EET" duration-ms="2" status="PASS">
          <reporter-output>
          </reporter-output>
        </test-method> <!-- beforeMethod -->
        <test-method signature="allSpotTablesAreVisible(java.lang.String)[pri:0, instance:org.example.tests.SpotTradingTests@6c80d78a]" started-at="2025-12-03T23:44:55 EET" name="allSpotTablesAreVisible" data-provider="tabsDataProvider" finished-at="2025-12-03T23:45:00 EET" duration-ms="5441" status="PASS">
          <params>
            <param index="0">
              <value>
                <![CDATA[USDT]]>
              </value>
            </param>
          </params>
          <reporter-output>
          </reporter-output>
        </test-method> <!-- allSpotTablesAreVisible -->
        <test-method is-config="true" signature="tearDown()[pri:0, instance:org.example.tests.SpotTradingTests@6c80d78a]" started-at="2025-12-03T23:45:00 EET" name="tearDown" finished-at="2025-12-03T23:45:02 EET" duration-ms="1415" status="PASS">
          <reporter-output>
          </reporter-output>
        </test-method> <!-- tearDown -->
        <test-method is-config="true" signature="initializeDriver(java.lang.String)[pri:0, instance:org.example.tests.SpotTradingTests@6c80d78a]" started-at="2025-12-03T23:45:02 EET" name="initializeDriver" finished-at="2025-12-03T23:45:16 EET" duration-ms="14372" status="PASS">
          <params>
            <param index="0">
              <value>
                <![CDATA[firefox]]>
              </value>
            </param>
          </params>
          <reporter-output>
          </reporter-output>
        </test-method> <!-- initializeDriver -->
        <test-method is-config="true" signature="beforeMethod()[pri:0, instance:org.example.tests.SpotTradingTests@6c80d78a]" started-at="2025-12-03T23:45:16 EET" name="beforeMethod" finished-at="2025-12-03T23:45:16 EET" duration-ms="5" status="PASS">
          <reporter-output>
          </reporter-output>
        </test-method> <!-- beforeMethod -->
        <test-method signature="allSpotTablesAreVisible(java.lang.String)[pri:0, instance:org.example.tests.SpotTradingTests@6c80d78a]" started-at="2025-12-03T23:45:16 EET" name="allSpotTablesAreVisible" data-provider="tabsDataProvider" finished-at="2025-12-03T23:45:25 EET" duration-ms="8393" status="PASS">
          <params>
            <param index="0">
              <value>
                <![CDATA[FIAT]]>
              </value>
            </param>
          </params>
          <reporter-output>
          </reporter-output>
        </test-method> <!-- allSpotTablesAreVisible -->
        <test-method is-config="true" signature="tearDown()[pri:0, instance:org.example.tests.SpotTradingTests@6c80d78a]" started-at="2025-12-03T23:45:25 EET" name="tearDown" finished-at="2025-12-03T23:45:27 EET" duration-ms="2249" status="PASS">
          <reporter-output>
          </reporter-output>
        </test-method> <!-- tearDown -->
        <test-method is-config="true" signature="initializeDriver(java.lang.String)[pri:0, instance:org.example.tests.SpotTradingTests@6c80d78a]" started-at="2025-12-03T23:45:27 EET" name="initializeDriver" finished-at="2025-12-03T23:45:41 EET" duration-ms="13645" status="PASS">
          <params>
            <param index="0">
              <value>
                <![CDATA[firefox]]>
              </value>
            </param>
          </params>
          <reporter-output>
          </reporter-output>
        </test-method> <!-- initializeDriver -->
        <test-method is-config="true" signature="beforeMethod()[pri:0, instance:org.example.tests.SpotTradingTests@6c80d78a]" started-at="2025-12-03T23:45:41 EET" name="beforeMethod" finished-at="2025-12-03T23:45:41 EET" duration-ms="4" status="PASS">
          <reporter-output>
          </reporter-output>
        </test-method> <!-- beforeMethod -->
        <test-method signature="spotTableHeadersAreDisplayedInCorrectOrder(java.lang.String)[pri:0, instance:org.example.tests.SpotTradingTests@6c80d78a]" started-at="2025-12-03T23:45:41 EET" name="spotTableHeadersAreDisplayedInCorrectOrder" data-provider="tabsDataProvider" finished-at="2025-12-03T23:45:44 EET" duration-ms="3565" status="PASS">
          <params>
            <param index="0">
              <value>
                <![CDATA[ALL]]>
              </value>
            </param>
          </params>
          <reporter-output>
          </reporter-output>
        </test-method> <!-- spotTableHeadersAreDisplayedInCorrectOrder -->
        <test-method is-config="true" signature="tearDown()[pri:0, instance:org.example.tests.SpotTradingTests@6c80d78a]" started-at="2025-12-03T23:45:44 EET" name="tearDown" finished-at="2025-12-03T23:45:47 EET" duration-ms="2403" status="PASS">
          <reporter-output>
          </reporter-output>
        </test-method> <!-- tearDown -->
        <test-method is-config="true" signature="initializeDriver(java.lang.String)[pri:0, instance:org.example.tests.SpotTradingTests@6c80d78a]" started-at="2025-12-03T23:45:47 EET" name="initializeDriver" finished-at="2025-12-03T23:46:03 EET" duration-ms="16695" status="PASS">
          <params>
            <param index="0">
              <value>
                <![CDATA[firefox]]>
              </value>
            </param>
          </params>
          <reporter-output>
          </reporter-output>
        </test-method> <!-- initializeDriver -->
        <test-method is-config="true" signature="beforeMethod()[pri:0, instance:org.example.tests.SpotTradingTests@6c80d78a]" started-at="2025-12-03T23:46:03 EET" name="beforeMethod" finished-at="2025-12-03T23:46:03 EET" duration-ms="2" status="PASS">
          <reporter-output>
          </reporter-output>
        </test-method> <!-- beforeMethod -->
        <test-method signature="spotTableHeadersAreDisplayedInCorrectOrder(java.lang.String)[pri:0, instance:org.example.tests.SpotTradingTests@6c80d78a]" started-at="2025-12-03T23:46:03 EET" name="spotTableHeadersAreDisplayedInCorrectOrder" data-provider="tabsDataProvider" finished-at="2025-12-03T23:46:06 EET" duration-ms="2794" status="PASS">
          <params>
            <param index="0">
              <value>
                <![CDATA[BTC]]>
              </value>
            </param>
          </params>
          <reporter-output>
          </reporter-output>
        </test-method> <!-- spotTableHeadersAreDisplayedInCorrectOrder -->
        <test-method is-config="true" signature="tearDown()[pri:0, instance:org.example.tests.SpotTradingTests@6c80d78a]" started-at="2025-12-03T23:46:06 EET" name="tearDown" finished-at="2025-12-03T23:46:08 EET" duration-ms="2030" status="PASS">
          <reporter-output>
          </reporter-output>
        </test-method> <!-- tearDown -->
        <test-method is-config="true" signature="initializeDriver(java.lang.String)[pri:0, instance:org.example.tests.SpotTradingTests@6c80d78a]" started-at="2025-12-03T23:46:08 EET" name="initializeDriver" finished-at="2025-12-03T23:46:24 EET" duration-ms="15667" status="PASS">
          <params>
            <param index="0">
              <value>
                <![CDATA[firefox]]>
              </value>
            </param>
          </params>
          <reporter-output>
          </reporter-output>
        </test-method> <!-- initializeDriver -->
        <test-method is-config="true" signature="beforeMethod()[pri:0, instance:org.example.tests.SpotTradingTests@6c80d78a]" started-at="2025-12-03T23:46:24 EET" name="beforeMethod" finished-at="2025-12-03T23:46:24 EET" duration-ms="3" status="PASS">
          <reporter-output>
          </reporter-output>
        </test-method> <!-- beforeMethod -->
        <test-method signature="spotTableHeadersAreDisplayedInCorrectOrder(java.lang.String)[pri:0, instance:org.example.tests.SpotTradingTests@6c80d78a]" started-at="2025-12-03T23:46:24 EET" name="spotTableHeadersAreDisplayedInCorrectOrder" data-provider="tabsDataProvider" finished-at="2025-12-03T23:46:26 EET" duration-ms="2643" status="PASS">
          <params>
            <param index="0">
              <value>
                <![CDATA[USDT]]>
              </value>
            </param>
          </params>
          <reporter-output>
          </reporter-output>
        </test-method> <!-- spotTableHeadersAreDisplayedInCorrectOrder -->
        <test-method is-config="true" signature="tearDown()[pri:0, instance:org.example.tests.SpotTradingTests@6c80d78a]" started-at="2025-12-03T23:46:26 EET" name="tearDown" finished-at="2025-12-03T23:46:28 EET" duration-ms="1739" status="PASS">
          <reporter-output>
          </reporter-output>
        </test-method> <!-- tearDown -->
        <test-method is-config="true" signature="initializeDriver(java.lang.String)[pri:0, instance:org.example.tests.SpotTradingTests@6c80d78a]" started-at="2025-12-03T23:46:28 EET" name="initializeDriver" finished-at="2025-12-03T23:46:43 EET" duration-ms="14660" status="PASS">
          <params>
            <param index="0">
              <value>
                <![CDATA[firefox]]>
              </value>
            </param>
          </params>
          <reporter-output>
          </reporter-output>
        </test-method> <!-- initializeDriver -->
        <test-method is-config="true" signature="beforeMethod()[pri:0, instance:org.example.tests.SpotTradingTests@6c80d78a]" started-at="2025-12-03T23:46:43 EET" name="beforeMethod" finished-at="2025-12-03T23:46:43 EET" duration-ms="2" status="PASS">
          <reporter-output>
          </reporter-output>
        </test-method> <!-- beforeMethod -->
        <test-method signature="spotTableHeadersAreDisplayedInCorrectOrder(java.lang.String)[pri:0, instance:org.example.tests.SpotTradingTests@6c80d78a]" started-at="2025-12-03T23:46:43 EET" name="spotTableHeadersAreDisplayedInCorrectOrder" data-provider="tabsDataProvider" finished-at="2025-12-03T23:46:46 EET" duration-ms="3575" status="PASS">
          <params>
            <param index="0">
              <value>
                <![CDATA[FIAT]]>
              </value>
            </param>
          </params>
          <reporter-output>
          </reporter-output>
        </test-method> <!-- spotTableHeadersAreDisplayedInCorrectOrder -->
        <test-method is-config="true" signature="tearDown()[pri:0, instance:org.example.tests.SpotTradingTests@6c80d78a]" started-at="2025-12-03T23:46:46 EET" name="tearDown" finished-at="2025-12-03T23:46:49 EET" duration-ms="2594" status="PASS">
          <reporter-output>
          </reporter-output>
        </test-method> <!-- tearDown -->
        <test-method is-config="true" signature="initializeDriver(java.lang.String)[pri:0, instance:org.example.tests.SpotTradingTests@6c80d78a]" started-at="2025-12-03T23:46:49 EET" name="initializeDriver" finished-at="2025-12-03T23:47:06 EET" duration-ms="17364" status="PASS">
          <params>
            <param index="0">
              <value>
                <![CDATA[firefox]]>
              </value>
            </param>
          </params>
          <reporter-output>
          </reporter-output>
        </test-method> <!-- initializeDriver -->
        <test-method is-config="true" signature="beforeMethod()[pri:0, instance:org.example.tests.SpotTradingTests@6c80d78a]" started-at="2025-12-03T23:47:06 EET" name="beforeMethod" finished-at="2025-12-03T23:47:06 EET" duration-ms="4" status="PASS">
          <reporter-output>
          </reporter-output>
        </test-method> <!-- beforeMethod -->
        <test-method signature="verifyCryptoTradingPairs(java.lang.String)[pri:0, instance:org.example.tests.SpotTradingTests@6c80d78a]" started-at="2025-12-03T23:47:06 EET" name="verifyCryptoTradingPairs" data-provider="pairsDataProvider" finished-at="2025-12-03T23:47:11 EET" duration-ms="4341" status="PASS">
          <params>
            <param index="0">
              <value>
                <![CDATA[BTC]]>
              </value>
            </param>
          </params>
          <reporter-output>
          </reporter-output>
        </test-method> <!-- verifyCryptoTradingPairs -->
        <test-method is-config="true" signature="tearDown()[pri:0, instance:org.example.tests.SpotTradingTests@6c80d78a]" started-at="2025-12-03T23:47:11 EET" name="tearDown" finished-at="2025-12-03T23:47:13 EET" duration-ms="2016" status="PASS">
          <reporter-output>
          </reporter-output>
        </test-method> <!-- tearDown -->
        <test-method is-config="true" signature="initializeDriver(java.lang.String)[pri:0, instance:org.example.tests.SpotTradingTests@6c80d78a]" started-at="2025-12-03T23:47:13 EET" name="initializeDriver" finished-at="2025-12-03T23:47:28 EET" duration-ms="15314" status="PASS">
          <params>
            <param index="0">
              <value>
                <![CDATA[firefox]]>
              </value>
            </param>
          </params>
          <reporter-output>
          </reporter-output>
        </test-method> <!-- initializeDriver -->
        <test-method is-config="true" signature="beforeMethod()[pri:0, instance:org.example.tests.SpotTradingTests@6c80d78a]" started-at="2025-12-03T23:47:28 EET" name="beforeMethod" finished-at="2025-12-03T23:47:28 EET" duration-ms="2" status="PASS">
          <reporter-output>
          </reporter-output>
        </test-method> <!-- beforeMethod -->
        <test-method signature="verifyCryptoTradingPairs(java.lang.String)[pri:0, instance:org.example.tests.SpotTradingTests@6c80d78a]" started-at="2025-12-03T23:47:28 EET" name="verifyCryptoTradingPairs" data-provider="pairsDataProvider" finished-at="2025-12-03T23:47:32 EET" duration-ms="4319" status="FAIL">
          <params>
            <param index="0">
              <value>
                <![CDATA[USDT]]>
              </value>
            </param>
          </params>
          <exception class="org.openqa.selenium.StaleElementReferenceException">
            <message>
              <![CDATA[The element with the reference ff115e02-05f6-4a06-8507-badc0dae4b1c is stale; either its node document is not the active document, or it is no longer connected to the DOM
For documentation on this error, please visit: https://www.selenium.dev/documentation/webdriver/troubleshooting/errors#stale-element-reference-exception
Build info: version: '4.29.0', revision: '5fc1ec94cb'
System info: os.name: 'Linux', os.arch: 'amd64', os.version: '6.8.0-85-generic', java.version: '17.0.14'
Driver info: org.openqa.selenium.firefox.FirefoxDriver
Command: [218b9bfd-b0ea-495e-8b1e-0a928b0574db, clickElement {id=ff115e02-05f6-4a06-8507-badc0dae4b1c}]
Capabilities {acceptInsecureCerts: true, browserName: firefox, browserVersion: 145.0.2, moz:accessibilityChecks: false, moz:buildID: 20251124145406, moz:geckodriverVersion: 0.36.0, moz:headless: false, moz:platformVersion: 6.8.0-85-generic, moz:processID: 98341, moz:profile: /tmp/rust_mozprofilexIpqwl, moz:shutdownTimeout: 60000, moz:webdriverClick: true, moz:windowless: false, pageLoadStrategy: normal, platformName: linux, proxy: Proxy(), setWindowRect: true, strictFileInteractability: false, timeouts: {implicit: 0, pageLoad: 300000, script: 30000}, unhandledPromptBehavior: dismiss and notify, userAgent: Mozilla/5.0 (X11; Linux x86...}
Element: [[FirefoxDriver: firefox on linux (218b9bfd-b0ea-495e-8b1e-0a928b0574db)] -> css selector: div[class*=style_show-more-container] > button]
Session ID: 218b9bfd-b0ea-495e-8b1e-0a928b0574db]]>
            </message>
            <full-stacktrace>
              <![CDATA[org.openqa.selenium.StaleElementReferenceException: The element with the reference ff115e02-05f6-4a06-8507-badc0dae4b1c is stale; either its node document is not the active document, or it is no longer connected to the DOM
For documentation on this error, please visit: https://www.selenium.dev/documentation/webdriver/troubleshooting/errors#stale-element-reference-exception
Build info: version: '4.29.0', revision: '5fc1ec94cb'
System info: os.name: 'Linux', os.arch: 'amd64', os.version: '6.8.0-85-generic', java.version: '17.0.14'
Driver info: org.openqa.selenium.firefox.FirefoxDriver
Command: [218b9bfd-b0ea-495e-8b1e-0a928b0574db, clickElement {id=ff115e02-05f6-4a06-8507-badc0dae4b1c}]
Capabilities {acceptInsecureCerts: true, browserName: firefox, browserVersion: 145.0.2, moz:accessibilityChecks: false, moz:buildID: 20251124145406, moz:geckodriverVersion: 0.36.0, moz:headless: false, moz:platformVersion: 6.8.0-85-generic, moz:processID: 98341, moz:profile: /tmp/rust_mozprofilexIpqwl, moz:shutdownTimeout: 60000, moz:webdriverClick: true, moz:windowless: false, pageLoadStrategy: normal, platformName: linux, proxy: Proxy(), setWindowRect: true, strictFileInteractability: false, timeouts: {implicit: 0, pageLoad: 300000, script: 30000}, unhandledPromptBehavior: dismiss and notify, userAgent: Mozilla/5.0 (X11; Linux x86...}
Element: [[FirefoxDriver: firefox on linux (218b9bfd-b0ea-495e-8b1e-0a928b0574db)] -> css selector: div[class*=style_show-more-container] > button]
Session ID: 218b9bfd-b0ea-495e-8b1e-0a928b0574db
at java.base/jdk.internal.reflect.NativeConstructorAccessorImpl.newInstance0(Native Method)
at java.base/jdk.internal.reflect.NativeConstructorAccessorImpl.newInstance(NativeConstructorAccessorImpl.java:77)
at java.base/jdk.internal.reflect.DelegatingConstructorAccessorImpl.newInstance(DelegatingConstructorAccessorImpl.java:45)
at java.base/java.lang.reflect.Constructor.newInstanceWithCaller(Constructor.java:500)
at java.base/java.lang.reflect.Constructor.newInstance(Constructor.java:481)
at org.openqa.selenium.remote.ErrorCodec.decode(ErrorCodec.java:167)
at org.openqa.selenium.remote.codec.w3c.W3CHttpResponseCodec.decode(W3CHttpResponseCodec.java:138)
at org.openqa.selenium.remote.codec.w3c.W3CHttpResponseCodec.decode(W3CHttpResponseCodec.java:50)
at org.openqa.selenium.remote.HttpCommandExecutor.execute(HttpCommandExecutor.java:215)
at org.openqa.selenium.remote.service.DriverCommandExecutor.invokeExecute(DriverCommandExecutor.java:216)
at org.openqa.selenium.remote.service.DriverCommandExecutor.execute(DriverCommandExecutor.java:174)
at org.openqa.selenium.remote.RemoteWebDriver.execute(RemoteWebDriver.java:545)
at org.openqa.selenium.remote.RemoteWebElement.execute(RemoteWebElement.java:223)
at org.openqa.selenium.remote.RemoteWebElement.click(RemoteWebElement.java:76)
at org.example.pages.DashboardPage.clickShowMoreButton(DashboardPage.java:82)
at org.example.tests.SpotTradingTests.verifyCryptoTradingPairs(SpotTradingTests.java:44)
at java.base/jdk.internal.reflect.NativeMethodAccessorImpl.invoke0(Native Method)
at java.base/jdk.internal.reflect.NativeMethodAccessorImpl.invoke(NativeMethodAccessorImpl.java:77)
at java.base/jdk.internal.reflect.DelegatingMethodAccessorImpl.invoke(DelegatingMethodAccessorImpl.java:43)
at java.base/java.lang.reflect.Method.invoke(Method.java:569)
at org.testng.internal.invokers.MethodInvocationHelper.invokeMethod(MethodInvocationHelper.java:141)
at org.testng.internal.invokers.TestInvoker.invokeMethod(TestInvoker.java:687)
at org.testng.internal.invokers.TestInvoker.invokeTestMethod(TestInvoker.java:230)
at org.testng.internal.invokers.MethodRunner.runInSequence(MethodRunner.java:63)
at org.testng.internal.invokers.TestInvoker$MethodInvocationAgent.invoke(TestInvoker.java:995)
at org.testng.internal.invokers.TestInvoker.invokeTestMethods(TestInvoker.java:203)
at org.testng.internal.invokers.TestMethodWorker.invokeTestMethods(TestMethodWorker.java:154)
at org.testng.internal.invokers.TestMethodWorker.run(TestMethodWorker.java:134)
at java.base/java.util.concurrent.Executors$RunnableAdapter.call(Executors.java:539)
at java.base/java.util.concurrent.FutureTask.run$$$capture(FutureTask.java:264)
at java.base/java.util.concurrent.FutureTask.run(FutureTask.java)
at --- Async.Stack.Trace --- (captured by IntelliJ IDEA debugger)
at java.base/java.util.concurrent.FutureTask.<init>(FutureTask.java:151)
at org.testng.internal.thread.graph.TestNGFutureTask.<init>(TestNGFutureTask.java:15)
at org.testng.internal.thread.graph.GraphOrchestrator.runNodes(GraphOrchestrator.java:58)
at org.testng.internal.thread.graph.GraphOrchestrator.run(GraphOrchestrator.java:46)
at org.testng.TestTaskExecutor.execute(TestTaskExecutor.java:69)
at org.testng.TestRunner.privateRun(TestRunner.java:722)
at org.testng.TestRunner.run(TestRunner.java:616)
at org.testng.SuiteRunner.runTest(SuiteRunner.java:421)
at org.testng.SuiteRunner.runSequentially(SuiteRunner.java:413)
at org.testng.SuiteRunner.privateRun(SuiteRunner.java:373)
at org.testng.SuiteRunner.run(SuiteRunner.java:312)
at org.testng.SuiteRunnerWorker.runSuite(SuiteRunnerWorker.java:52)
at org.testng.SuiteRunnerWorker.run(SuiteRunnerWorker.java:95)
at org.testng.TestNG.runSuitesSequentially(TestNG.java:1274)
at org.testng.TestNG.runSuitesLocally(TestNG.java:1208)
at org.testng.TestNG.runSuites(TestNG.java:1112)
at org.testng.TestNG.run(TestNG.java:1079)
at com.intellij.rt.testng.IDEARemoteTestNG.run(IDEARemoteTestNG.java:65)
at com.intellij.rt.testng.RemoteTestNGStarter.main(RemoteTestNGStarter.java:105)
]]>
            </full-stacktrace>
          </exception> <!-- org.openqa.selenium.StaleElementReferenceException -->
          <reporter-output>
          </reporter-output>
        </test-method> <!-- verifyCryptoTradingPairs -->
        <test-method is-config="true" signature="tearDown()[pri:0, instance:org.example.tests.SpotTradingTests@6c80d78a]" started-at="2025-12-03T23:47:32 EET" name="tearDown" finished-at="2025-12-03T23:47:35 EET" duration-ms="2508" status="PASS">
          <reporter-output>
          </reporter-output>
        </test-method> <!-- tearDown -->
        <test-method is-config="true" signature="initializeDriver(java.lang.String)[pri:0, instance:org.example.tests.SpotTradingTests@6c80d78a]" started-at="2025-12-03T23:47:35 EET" name="initializeDriver" finished-at="2025-12-03T23:47:49 EET" duration-ms="14349" status="PASS">
          <params>
            <param index="0">
              <value>
                <![CDATA[firefox]]>
              </value>
            </param>
          </params>
          <reporter-output>
          </reporter-output>
        </test-method> <!-- initializeDriver -->
        <test-method is-config="true" signature="beforeMethod()[pri:0, instance:org.example.tests.SpotTradingTests@6c80d78a]" started-at="2025-12-03T23:47:49 EET" name="beforeMethod" finished-at="2025-12-03T23:47:49 EET" duration-ms="2" status="PASS">
          <reporter-output>
          </reporter-output>
        </test-method> <!-- beforeMethod -->
        <test-method signature="verifyFiatTradingPairs()[pri:0, instance:org.example.tests.SpotTradingTests@6c80d78a]" started-at="2025-12-03T23:47:49 EET" name="verifyFiatTradingPairs" finished-at="2025-12-03T23:48:07 EET" duration-ms="18096" status="FAIL">
          <exception class="org.openqa.selenium.TimeoutException">
            <message>
              <![CDATA[Expected condition failed: waiting for org.example.utils.Page$$Lambda$1005/0x00007ba8ec2c8978@18be3913 (tried for 10 second(s) with 500 milliseconds interval)]]>
            </message>
            <full-stacktrace>
              <![CDATA[org.openqa.selenium.TimeoutException: Expected condition failed: waiting for org.example.utils.Page$$Lambda$1005/0x00007ba8ec2c8978@18be3913 (tried for 10 second(s) with 500 milliseconds interval)
at org.openqa.selenium.support.ui.WebDriverWait.timeoutException(WebDriverWait.java:84)
at org.openqa.selenium.support.ui.FluentWait.until(FluentWait.java:228)
at org.example.utils.Page.waitForElement(Page.java:77)
at org.example.utils.Page.getListOfElements(Page.java:115)
at org.example.utils.Page.extractTextFromListOfElements(Page.java:126)
at org.example.pages.DashboardPage.allPairsHaveFiatSuffixes(DashboardPage.java:98)
at org.example.tests.SpotTradingTests.verifyFiatTradingPairs(SpotTradingTests.java:54)
at java.base/jdk.internal.reflect.NativeMethodAccessorImpl.invoke0(Native Method)
at java.base/jdk.internal.reflect.NativeMethodAccessorImpl.invoke(NativeMethodAccessorImpl.java:77)
at java.base/jdk.internal.reflect.DelegatingMethodAccessorImpl.invoke(DelegatingMethodAccessorImpl.java:43)
at java.base/java.lang.reflect.Method.invoke(Method.java:569)
at org.testng.internal.invokers.MethodInvocationHelper.invokeMethod(MethodInvocationHelper.java:141)
at org.testng.internal.invokers.TestInvoker.invokeMethod(TestInvoker.java:687)
at org.testng.internal.invokers.TestInvoker.invokeTestMethod(TestInvoker.java:230)
at org.testng.internal.invokers.MethodRunner.runInSequence(MethodRunner.java:63)
at org.testng.internal.invokers.TestInvoker$MethodInvocationAgent.invoke(TestInvoker.java:995)
at org.testng.internal.invokers.TestInvoker.invokeTestMethods(TestInvoker.java:203)
at org.testng.internal.invokers.TestMethodWorker.invokeTestMethods(TestMethodWorker.java:154)
at org.testng.internal.invokers.TestMethodWorker.run(TestMethodWorker.java:134)
at java.base/java.util.concurrent.Executors$RunnableAdapter.call(Executors.java:539)
at java.base/java.util.concurrent.FutureTask.run$$$capture(FutureTask.java:264)
at java.base/java.util.concurrent.FutureTask.run(FutureTask.java)
at --- Async.Stack.Trace --- (captured by IntelliJ IDEA debugger)
at java.base/java.util.concurrent.FutureTask.<init>(FutureTask.java:151)
at org.testng.internal.thread.graph.TestNGFutureTask.<init>(TestNGFutureTask.java:15)
at org.testng.internal.thread.graph.GraphOrchestrator.runNodes(GraphOrchestrator.java:58)
at org.testng.internal.thread.graph.GraphOrchestrator.run(GraphOrchestrator.java:46)
at org.testng.TestTaskExecutor.execute(TestTaskExecutor.java:69)
at org.testng.TestRunner.privateRun(TestRunner.java:722)
at org.testng.TestRunner.run(TestRunner.java:616)
at org.testng.SuiteRunner.runTest(SuiteRunner.java:421)
at org.testng.SuiteRunner.runSequentially(SuiteRunner.java:413)
at org.testng.SuiteRunner.privateRun(SuiteRunner.java:373)
at org.testng.SuiteRunner.run(SuiteRunner.java:312)
at org.testng.SuiteRunnerWorker.runSuite(SuiteRunnerWorker.java:52)
at org.testng.SuiteRunnerWorker.run(SuiteRunnerWorker.java:95)
at org.testng.TestNG.runSuitesSequentially(TestNG.java:1274)
at org.testng.TestNG.runSuitesLocally(TestNG.java:1208)
at org.testng.TestNG.runSuites(TestNG.java:1112)
at org.testng.TestNG.run(TestNG.java:1079)
at com.intellij.rt.testng.IDEARemoteTestNG.run(IDEARemoteTestNG.java:65)
at com.intellij.rt.testng.RemoteTestNGStarter.main(RemoteTestNGStarter.java:105)
Caused by: org.openqa.selenium.NoSuchElementException: Unable to locate element: td[id*=_base-td]
For documentation on this error, please visit: https://www.selenium.dev/documentation/webdriver/troubleshooting/errors#no-such-element-exception
Build info: version: '4.29.0', revision: '5fc1ec94cb'
System info: os.name: 'Linux', os.arch: 'amd64', os.version: '6.8.0-85-generic', java.version: '17.0.14'
Driver info: org.openqa.selenium.firefox.FirefoxDriver
Command: [b8ba9205-e3cd-46da-b67e-19031457a3da, findElement {value=td[id*=_base-td], using=css selector}]
Capabilities {acceptInsecureCerts: true, browserName: firefox, browserVersion: 145.0.2, moz:accessibilityChecks: false, moz:buildID: 20251124145406, moz:geckodriverVersion: 0.36.0, moz:headless: false, moz:platformVersion: 6.8.0-85-generic, moz:processID: 99532, moz:profile: /tmp/rust_mozprofileUcWpNt, moz:shutdownTimeout: 60000, moz:webdriverClick: true, moz:windowless: false, pageLoadStrategy: normal, platformName: linux, proxy: Proxy(), setWindowRect: true, strictFileInteractability: false, timeouts: {implicit: 0, pageLoad: 300000, script: 30000}, unhandledPromptBehavior: dismiss and notify, userAgent: Mozilla/5.0 (X11; Linux x86...}
Session ID: b8ba9205-e3cd-46da-b67e-19031457a3da
at jdk.internal.reflect.GeneratedConstructorAccessor25.newInstance(Unknown Source)
at java.base/jdk.internal.reflect.DelegatingConstructorAccessorImpl.newInstance(DelegatingConstructorAccessorImpl.java:45)
at java.base/java.lang.reflect.Constructor.newInstanceWithCaller(Constructor.java:500)
at java.base/java.lang.reflect.Constructor.newInstance(Constructor.java:481)
at org.openqa.selenium.remote.ErrorCodec.decode(ErrorCodec.java:167)
at org.openqa.selenium.remote.codec.w3c.W3CHttpResponseCodec.decode(W3CHttpResponseCodec.java:138)
at org.openqa.selenium.remote.codec.w3c.W3CHttpResponseCodec.decode(W3CHttpResponseCodec.java:50)
at org.openqa.selenium.remote.HttpCommandExecutor.execute(HttpCommandExecutor.java:215)
at org.openqa.selenium.remote.service.DriverCommandExecutor.invokeExecute(DriverCommandExecutor.java:216)
at org.openqa.selenium.remote.service.DriverCommandExecutor.execute(DriverCommandExecutor.java:174)
at org.openqa.selenium.remote.RemoteWebDriver.execute(RemoteWebDriver.java:545)
at org.openqa.selenium.remote.ElementLocation$ElementFinder$2.findElement(ElementLocation.java:165)
at org.openqa.selenium.remote.ElementLocation.findElement(ElementLocation.java:59)
at org.openqa.selenium.remote.RemoteWebDriver.findElement(RemoteWebDriver.java:368)
at org.openqa.selenium.remote.RemoteWebDriver.findElement(RemoteWebDriver.java:362)
at org.example.utils.Page.lambda$waitForElement$0(Page.java:77)
at org.openqa.selenium.support.ui.FluentWait.until(FluentWait.java:203)
... 40 more
]]>
            </full-stacktrace>
          </exception> <!-- org.openqa.selenium.TimeoutException -->
          <reporter-output>
          </reporter-output>
        </test-method> <!-- verifyFiatTradingPairs -->
        <test-method is-config="true" signature="tearDown()[pri:0, instance:org.example.tests.SpotTradingTests@6c80d78a]" started-at="2025-12-03T23:48:07 EET" name="tearDown" finished-at="2025-12-03T23:48:11 EET" duration-ms="3516" status="PASS">
          <reporter-output>
          </reporter-output>
        </test-method> <!-- tearDown -->
      </class> <!-- org.example.tests.SpotTradingTests -->
    </test> <!-- Test -->
  </suite> <!-- Multibank test suite -->
</testng-results>
